src/components/DeliveryHeader.tsx(14,1): error TS6133: 'useAuth' is declared but its value is never read.
src/components/ProductCard.tsx(130,9): error TS6133: '_categoryLabel' is declared but its value is never read.
src/components/ProductCard.tsx(143,9): error TS6133: '_openCategoryProducts' is declared but its value is never read.
src/components/SearchOverlay.tsx(20,1): error TS6133: 'useCart' is declared but its value is never read.
src/components/SearchOverlay.tsx(181,9): error TS6133: '_goToProduct' is declared but its value is never read.
src/context/AuthContext.tsx(7,3): error TS6133: 'REFRESH_TOKEN_KEY' is declared but its value is never read.
src/context/CartContext.tsx(267,11): error TS6133: 'points' is declared but its value is never read.
src/context/NotificationsContext.tsx(2,20): error TS6133: 'Platform' is declared but its value is never read.
src/context/NotificationsContext.tsx(68,21): error TS6133: 'user' is declared but its value is never read.
src/hooks/useVoiceSearch.ts(24,26): error TS6133: 'e' is declared but its value is never read.
src/hooks/useVoiceSearch.ts(29,24): error TS6133: 'e' is declared but its value is never read.
src/navigation/BottomTabs.tsx(38,32): error TS6133: 'descriptors' is declared but its value is never read.
src/navigation/RootStack.tsx(100,9): error TS6198: All destructured elements are unused.
src/screens/auth/PermissionScreen.tsx(9,3): error TS6133: 'Image' is declared but its value is never read.
src/screens/auth/PermissionScreen.tsx(19,9): error TS6133: 'width' is declared but its value is never read.
src/screens/cart/CartScreen.tsx(7,3): error TS6133: 'Pressable' is declared but its value is never read.
src/screens/cart/CartScreen.tsx(20,1): error TS6133: 'useWallet' is declared but its value is never read.
src/screens/cart/CheckoutScreen.tsx(41,5): error TS6133: 'usePoints' is declared but its value is never read.
src/screens/cart/CheckoutScreen.tsx(41,16): error TS6133: 'pointsDiscount' is declared but its value is never read.
src/screens/cart/CheckoutScreen.tsx(41,32): error TS6133: 'setUsePoints' is declared but its value is never read.
src/screens/cart/CheckoutScreen.tsx(46,11): error TS6133: 'addPoints' is declared but its value is never read.
src/screens/cart/CheckoutScreen.tsx(46,22): error TS6133: 'spendPoints' is declared but its value is never read.
src/screens/cart/CheckoutScreen.tsx(97,10): error TS6133: 'onlinePaymentEnabled' is declared but its value is never read.
src/screens/cart/CheckoutScreen.tsx(98,10): error TS6133: 'codEnabled' is declared but its value is never read.
src/screens/cart/CheckoutScreen.tsx(207,9): error TS6133: 'calculatePointsEarned' is declared but its value is never read.
src/screens/categories/CategoriesScreen.tsx(169,9): error TS6133: 'insets' is declared but its value is never read.
src/screens/categories/CategoriesScreen.tsx(417,33): error TS6133: 'gIdx' is declared but its value is never read.
src/screens/categories/CategoryProductsScreen.tsx(1,38): error TS6133: 'useRef' is declared but its value is never read.
src/screens/categories/CategoryProductsScreen.tsx(9,3): error TS6133: 'TextInput' is declared but its value is never read.
src/screens/categories/CategoryProductsScreen.tsx(12,3): error TS6133: 'Keyboard' is declared but its value is never read.
src/screens/home/HomeScreen.tsx(12,1): error TS6133: 'Ionicons' is declared but its value is never read.
src/screens/home/HomeScreen.tsx(21,1): error TS6133: 'ProductCard' is declared but its value is never read.
src/screens/home/HomeScreen.tsx(45,9): error TS6133: 'user' is declared but its value is never read.
src/screens/home/HomeScreen.tsx(46,24): error TS6133: 'hasPermission' is declared but its value is never read.
src/screens/home/HomeScreen.tsx(60,61): error TS6133: 'e' is declared but its value is never read.
src/screens/home/TrendingScreen.tsx(7,3): error TS6133: 'Image' is declared but its value is never read.
src/screens/home/TrendingScreen.tsx(8,3): error TS6133: 'Pressable' is declared but its value is never read.
src/screens/home/TrendingScreen.tsx(9,3): error TS6133: 'ActivityIndicator' is declared but its value is never read.
src/screens/home/TrendingScreen.tsx(10,3): error TS6133: 'TextInput' is declared but its value is never read.
src/screens/home/TrendingScreen.tsx(12,3): error TS6133: 'Animated' is declared but its value is never read.
src/screens/home/TrendingScreen.tsx(13,3): error TS6133: 'Modal' is declared but its value is never read.
src/screens/home/TrendingScreen.tsx(14,3): error TS6133: 'ScrollView' is declared but its value is never read.
src/screens/home/TrendingScreen.tsx(15,3): error TS6133: 'ToastAndroid' is declared but its value is never read.
src/screens/home/TrendingScreen.tsx(16,3): error TS6133: 'Platform' is declared but its value is never read.
src/screens/home/TrendingScreen.tsx(22,10): error TS6133: 'getProducts' is declared but its value is never read.
src/screens/home/TrendingScreen.tsx(22,23): error TS6133: 'filterProducts' is declared but its value is never read.
src/screens/home/TrendingScreen.tsx(195,32): error TS6133: 'index' is declared but its value is never read.
src/screens/orders/OrderAgainScreen.tsx(9,3): error TS6133: 'TextInput' is declared but its value is never read.
src/screens/orders/OrderAgainScreen.tsx(12,3): error TS6133: 'Animated' is declared but its value is never read.
src/screens/orders/OrderAgainScreen.tsx(13,3): error TS6133: 'ToastAndroid' is declared but its value is never read.
src/screens/orders/OrderAgainScreen.tsx(14,3): error TS6133: 'Platform' is declared but its value is never read.
src/screens/orders/OrderAgainScreen.tsx(20,10): error TS6133: 'getOrders' is declared but its value is never read.
src/screens/orders/OrderAgainScreen.tsx(91,9): error TS6133: 'mrp' is declared but its value is never read.
src/screens/orders/OrderTrackingScreen.tsx(42,23): error TS6133: 'user' is declared but its value is never read.
src/screens/product/ProductDetailScreen.tsx(199,10): error TS6133: 'loading' is declared but its value is never read.
src/screens/product/ProductDetailScreen.tsx(311,10): error TS6133: 'loadingRatings' is declared but its value is never read.
src/screens/profile/AboutScreen.tsx(17,9): error TS6133: 'openWebsite' is declared but its value is never read.
src/screens/profile/HelpScreen.tsx(2,52): error TS6133: 'Image' is declared but its value is never read.
src/screens/profile/ProfileScreen.tsx(26,9): error TS6133: 'points' is declared but its value is never read.
src/screens/profile/SavedAddressScreen.tsx(1,27): error TS6133: 'useEffect' is declared but its value is never read.
src/screens/profile/SavedAddressScreen.tsx(32,10): error TS6133: 'isLoading' is declared but its value is never read.
src/screens/profile/SelectLocationScreen.tsx(3,19): error TS6133: 'Marker' is declared but its value is never read.
src/screens/profile/SelectLocationScreen.tsx(17,7): error TS6133: 'width' is declared but its value is never read.
src/screens/profile/SelectLocationScreen.tsx(108,25): error TS6133: 'data' is declared but its value is never read.
src/screens/profile/WalletScreen.tsx(13,3): error TS6133: 'ScrollView' is declared but its value is never read.
src/services/api/products.ts(3,1): error TS6133: 'getProductPackLabel' is declared but its value is never read.
src/services/api/products.ts(8,7): error TS6133: 'authHeaders' is declared but its value is never read.
src/services/api/products.ts(13,7): error TS6133: 'readErrorMessage' is declared but its value is never read.
src/services/api/products.ts(29,7): error TS6133: 'normalizeRatingsList' is declared but its value is never read.
